# JRE version: OpenJDK Runtime Environment Temurin-17.0.19+10 (17.0.19+10) (build 17.0.19+10)
# Java VM: OpenJDK 64-Bit Server VM Temurin-17.0.19+10 (17.0.19+10, mixed mode, sharing, tiered, compressed oops, compressed class ptrs, g1 gc, windows-amd64)
GC Precious Log:
 CPUs: 12 total, 12 available
 Memory: 7528M
 Large Page Support: Disabled
 NUMA Support: Disabled
 Compressed Oops: Enabled (32-bit)
 Heap Region Size: 1M
 Heap Min Capacity: 8M
 Heap Initial Capacity: 118M
 Heap Max Capacity: 2G
 Pre-touch: Disabled
 Parallel Workers: 10
 Concurrent Workers: 3
 Concurrent Refinement Workers: 10
 Periodic GC: Disabled
Heap:
 garbage-first heap   total 229376K, used 177092K [0x0000000080000000, 0x0000000100000000)
  region size 1024K, 3 young (3072K), 3 survivors (3072K)
 Metaspace       used 132087K, committed 133056K, reserved 557056K
  class space    used 17123K, committed 17536K, reserved 425984K
GC Heap History (20 events):
Event: 41.516 GC heap after
{Heap after GC invocations=51 (full 0):
 garbage-first heap   total 210944K, used 127830K [0x0000000080000000, 0x0000000100000000)
  region size 1024K, 1 young (1024K), 1 survivors (1024K)
 Metaspace       used 112273K, committed 113216K, reserved 557056K
  class space    used 14948K, committed 15360K, reserved 425984K
}
Event: 43.304 GC heap before
{Heap before GC invocations=51 (full 0):
 garbage-first heap   total 210944K, used 166742K [0x0000000080000000, 0x0000000100000000)
  region size 1024K, 40 young (40960K), 1 survivors (1024K)
 Metaspace       used 117029K, committed 117952K, reserved 557056K
  class space    used 15411K, committed 15808K, reserved 425984K
}
Event: 43.309 GC heap after
{Heap after GC invocations=52 (full 0):
 garbage-first heap   total 210944K, used 129226K [0x0000000080000000, 0x0000000100000000)
  region size 1024K, 3 young (3072K), 3 survivors (3072K)
 Metaspace       used 117029K, committed 117952K, reserved 557056K
  class space    used 15411K, committed 15808K, reserved 425984K
}
Event: 44.842 GC heap before
{Heap before GC invocations=53 (full 0):
 garbage-first heap   total 224256K, used 169162K [0x0000000080000000, 0x0000000100000000)
  region size 1024K, 43 young (44032K), 3 survivors (3072K)
 Metaspace       used 121469K, committed 122432K, reserved 557056K
  class space    used 15962K, committed 16384K, reserved 425984K
}
Event: 44.850 GC heap after
{Heap after GC invocations=54 (full 0):
 garbage-first heap   total 224256K, used 131470K [0x0000000080000000, 0x0000000100000000)
  region size 1024K, 5 young (5120K), 5 survivors (5120K)
 Metaspace       used 121469K, committed 122432K, reserved 557056K
  class space    used 15962K, committed 16384K, reserved 425984K
}
Event: 45.106 GC heap before
{Heap before GC invocations=54 (full 0):
 garbage-first heap   total 224256K, used 136590K [0x0000000080000000, 0x0000000100000000)
  region size 1024K, 10 young (10240K), 5 survivors (5120K)
 Metaspace       used 122079K, committed 123008K, reserved 557056K
  class space    used 16058K, committed 16448K, reserved 425984K
}
Event: 45.113 GC heap after
{Heap after GC invocations=55 (full 0):
 garbage-first heap   total 224256K, used 131035K [0x0000000080000000, 0x0000000100000000)
  region size 1024K, 1 young (1024K), 1 survivors (1024K)
 Metaspace       used 122079K, committed 123008K, reserved 557056K
  class space    used 16058K, committed 16448K, reserved 425984K
}
Event: 47.228 GC heap before
{Heap before GC invocations=55 (full 0):
 garbage-first heap   total 224256K, used 182235K [0x0000000080000000, 0x0000000100000000)
  region size 1024K, 51 young (52224K), 1 survivors (1024K)
 Metaspace       used 128536K, committed 129408K, reserved 557056K
  class space    used 16698K, committed 17088K, reserved 425984K
}
Event: 47.234 GC heap after
{Heap after GC invocations=56 (full 0):
 garbage-first heap   total 224256K, used 132345K [0x0000000080000000, 0x0000000100000000)
  region size 1024K, 3 young (3072K), 3 survivors (3072K)
 Metaspace       used 128536K, committed 129408K, reserved 557056K
  class space    used 16698K, committed 17088K, reserved 425984K
}
Event: 49.862 GC heap before
{Heap before GC invocations=57 (full 0):
 garbage-first heap   total 229376K, used 183545K [0x0000000080000000, 0x0000000100000000)
  region size 1024K, 53 young (54272K), 3 survivors (3072K)
 Metaspace       used 131875K, committed 132864K, reserved 557056K
  class space    used 17123K, committed 17536K, reserved 425984K
}
Event: 49.872 GC heap after
{Heap after GC invocations=58 (full 0):
 garbage-first heap   total 229376K, used 140852K [0x0000000080000000, 0x0000000100000000)
  region size 1024K, 7 young (7168K), 7 survivors (7168K)
 Metaspace       used 131875K, committed 132864K, reserved 557056K
  class space    used 17123K, committed 17536K, reserved 425984K
}
Event: 49.894 GC heap before
{Heap before GC invocations=58 (full 0):
 garbage-first heap   total 229376K, used 144948K [0x0000000080000000, 0x0000000100000000)
  region size 1024K, 11 young (11264K), 7 survivors (7168K)
 Metaspace       used 131875K, committed 132864K, reserved 557056K
  class space    used 17123K, committed 17536K, reserved 425984K
}
Event: 49.904 GC heap after
{Heap after GC invocations=59 (full 0):
 garbage-first heap   total 229376K, used 142672K [0x0000000080000000, 0x0000000100000000)
  region size 1024K, 2 young (2048K), 2 survivors (2048K)
 Metaspace       used 131875K, committed 132864K, reserved 557056K
  class space    used 17123K, committed 17536K, reserved 425984K
}
Event: 50.292 GC heap before
{Heap before GC invocations=59 (full 0):
 garbage-first heap   total 229376K, used 185680K [0x0000000080000000, 0x0000000100000000)
  region size 1024K, 44 young (45056K), 2 survivors (2048K)
 Metaspace       used 131942K, committed 132928K, reserved 557056K
  class space    used 17123K, committed 17536K, reserved 425984K
}
Event: 50.305 GC heap after
{Heap after GC invocations=60 (full 0):
 garbage-first heap   total 229376K, used 157678K [0x0000000080000000, 0x0000000100000000)
  region size 1024K, 6 young (6144K), 6 survivors (6144K)
 Metaspace       used 131942K, committed 132928K, reserved 557056K
  class space    used 17123K, committed 17536K, reserved 425984K
}
Event: 50.609 GC heap before
{Heap before GC invocations=60 (full 0):
 garbage-first heap   total 229376K, used 184302K [0x0000000080000000, 0x0000000100000000)
  region size 1024K, 32 young (32768K), 6 survivors (6144K)
 Metaspace       used 132045K, committed 132992K, reserved 557056K
  class space    used 17123K, committed 17536K, reserved 425984K
}
Event: 50.622 GC heap after
{Heap after GC invocations=61 (full 0):
 garbage-first heap   total 229376K, used 166463K [0x0000000080000000, 0x0000000100000000)
  region size 1024K, 4 young (4096K), 4 survivors (4096K)
 Metaspace       used 132045K, committed 132992K, reserved 557056K
  class space    used 17123K, committed 17536K, reserved 425984K
}
Event: 50.690 GC heap before
{Heap before GC invocations=61 (full 0):
 garbage-first heap   total 229376K, used 172607K [0x0000000080000000, 0x0000000100000000)
  region size 1024K, 11 young (11264K), 4 survivors (4096K)
 Metaspace       used 132086K, committed 133056K, reserved 557056K
  class space    used 17123K, committed 17536K, reserved 425984K
}
Event: 50.698 GC heap after
{Heap after GC invocations=62 (full 0):
 garbage-first heap   total 229376K, used 169318K [0x0000000080000000, 0x0000000100000000)
  region size 1024K, 3 young (3072K), 3 survivors (3072K)
 Metaspace       used 132086K, committed 133056K, reserved 557056K
  class space    used 17123K, committed 17536K, reserved 425984K
}
Event: 50.744 GC heap before
{Heap before GC invocations=62 (full 0):
 garbage-first heap   total 229376K, used 188774K [0x0000000080000000, 0x0000000100000000)
  region size 1024K, 21 young (21504K), 3 survivors (3072K)
 Metaspace       used 132087K, committed 133056K, reserved 557056K
  class space    used 17123K, committed 17536K, reserved 425984K
}

