# JRE version: OpenJDK Runtime Environment Temurin-17.0.19+10 (17.0.19+10) (build 17.0.19+10)
# Java VM: OpenJDK 64-Bit Server VM Temurin-17.0.19+10 (17.0.19+10, mixed mode, sharing, tiered, compressed oops, compressed class ptrs, g1 gc, windows-amd64)
GC Precious Log:
 CPUs: 12 total, 12 available
 Memory: 7528M
 Large Page Support: Disabled
 NUMA Support: Disabled
 Compressed Oops: Enabled (32-bit)
 Heap Region Size: 1M
 Heap Min Capacity: 8M
 Heap Initial Capacity: 118M
 Heap Max Capacity: 2G
 Pre-touch: Disabled
 Parallel Workers: 10
 Concurrent Workers: 3
 Concurrent Refinement Workers: 10
 Periodic GC: Disabled
Heap:
 garbage-first heap   total 322560K, used 176781K [0x0000000080000000, 0x0000000100000000)
  region size 1024K, 6 young (6144K), 6 survivors (6144K)
 Metaspace       used 126698K, committed 127616K, reserved 557056K
  class space    used 16245K, committed 16640K, reserved 425984K
GC Heap History (20 events):
Event: 29.941 GC heap after
{Heap after GC invocations=44 (full 0):
 garbage-first heap   total 155648K, used 92522K [0x0000000080000000, 0x0000000100000000)
  region size 1024K, 3 young (3072K), 3 survivors (3072K)
 Metaspace       used 104240K, committed 105088K, reserved 557056K
  class space    used 13382K, committed 13760K, reserved 425984K
}
Event: 30.007 GC heap before
{Heap before GC invocations=44 (full 0):
 garbage-first heap   total 155648K, used 96618K [0x0000000080000000, 0x0000000100000000)
  region size 1024K, 7 young (7168K), 3 survivors (3072K)
 Metaspace       used 104699K, committed 105472K, reserved 557056K
  class space    used 13420K, committed 13760K, reserved 425984K
}
Event: 30.013 GC heap after
{Heap after GC invocations=45 (full 0):
 garbage-first heap   total 155648K, used 92924K [0x0000000080000000, 0x0000000100000000)
  region size 1024K, 1 young (1024K), 1 survivors (1024K)
 Metaspace       used 104699K, committed 105472K, reserved 557056K
  class space    used 13420K, committed 13760K, reserved 425984K
}
Event: 32.464 GC heap before
{Heap before GC invocations=45 (full 0):
 garbage-first heap   total 155648K, used 129788K [0x0000000080000000, 0x0000000100000000)
  region size 1024K, 37 young (37888K), 1 survivors (1024K)
 Metaspace       used 110582K, committed 111424K, reserved 557056K
  class space    used 14282K, committed 14656K, reserved 425984K
}
Event: 32.472 GC heap after
{Heap after GC invocations=46 (full 0):
 garbage-first heap   total 309248K, used 95470K [0x0000000080000000, 0x0000000100000000)
  region size 1024K, 4 young (4096K), 4 survivors (4096K)
 Metaspace       used 110582K, committed 111424K, reserved 557056K
  class space    used 14282K, committed 14656K, reserved 425984K
}
Event: 34.643 GC heap before
{Heap before GC invocations=47 (full 0):
 garbage-first heap   total 263168K, used 225518K [0x0000000080000000, 0x0000000100000000)
  region size 1024K, 149 young (152576K), 4 survivors (4096K)
 Metaspace       used 114989K, committed 115776K, reserved 557056K
  class space    used 14804K, committed 15168K, reserved 425984K
}
Event: 34.648 GC heap after
{Heap after GC invocations=48 (full 0):
 garbage-first heap   total 263168K, used 77026K [0x0000000080000000, 0x0000000100000000)
  region size 1024K, 5 young (5120K), 5 survivors (5120K)
 Metaspace       used 114989K, committed 115776K, reserved 557056K
  class space    used 14804K, committed 15168K, reserved 425984K
}
Event: 34.882 GC heap before
{Heap before GC invocations=48 (full 0):
 garbage-first heap   total 263168K, used 83170K [0x0000000080000000, 0x0000000100000000)
  region size 1024K, 12 young (12288K), 5 survivors (5120K)
 Metaspace       used 115924K, committed 116800K, reserved 557056K
  class space    used 14947K, committed 15360K, reserved 425984K
}
Event: 34.891 GC heap after
{Heap after GC invocations=49 (full 0):
 garbage-first heap   total 263168K, used 66052K [0x0000000080000000, 0x0000000100000000)
  region size 1024K, 1 young (1024K), 1 survivors (1024K)
 Metaspace       used 115924K, committed 116800K, reserved 557056K
  class space    used 14947K, committed 15360K, reserved 425984K
}
Event: 37.943 GC heap before
{Heap before GC invocations=49 (full 0):
 garbage-first heap   total 263168K, used 220676K [0x0000000080000000, 0x0000000100000000)
  region size 1024K, 151 young (154624K), 1 survivors (1024K)
 Metaspace       used 120165K, committed 120960K, reserved 557056K
  class space    used 15537K, committed 15872K, reserved 425984K
}
Event: 37.949 GC heap after
{Heap after GC invocations=50 (full 0):
 garbage-first heap   total 263168K, used 68229K [0x0000000080000000, 0x0000000100000000)
  region size 1024K, 4 young (4096K), 4 survivors (4096K)
 Metaspace       used 120165K, committed 120960K, reserved 557056K
  class space    used 15537K, committed 15872K, reserved 425984K
}
Event: 39.425 GC heap before
{Heap before GC invocations=50 (full 0):
 garbage-first heap   total 263168K, used 225925K [0x0000000080000000, 0x0000000100000000)
  region size 1024K, 152 young (155648K), 4 survivors (4096K)
 Metaspace       used 121630K, committed 122560K, reserved 557056K
  class space    used 15666K, committed 16128K, reserved 425984K
}
Event: 39.464 GC heap after
{Heap after GC invocations=51 (full 0):
 garbage-first heap   total 276480K, used 119961K [0x0000000080000000, 0x0000000100000000)
  region size 1024K, 19 young (19456K), 19 survivors (19456K)
 Metaspace       used 121630K, committed 122560K, reserved 557056K
  class space    used 15666K, committed 16128K, reserved 425984K
}
Event: 40.911 GC heap before
{Heap before GC invocations=51 (full 0):
 garbage-first heap   total 276480K, used 208025K [0x0000000080000000, 0x0000000100000000)
  region size 1024K, 105 young (107520K), 19 survivors (19456K)
 Metaspace       used 123595K, committed 124544K, reserved 557056K
  class space    used 15835K, committed 16256K, reserved 425984K
}
Event: 40.940 GC heap after
{Heap after GC invocations=52 (full 0):
 garbage-first heap   total 276480K, used 148090K [0x0000000080000000, 0x0000000100000000)
  region size 1024K, 14 young (14336K), 14 survivors (14336K)
 Metaspace       used 123595K, committed 124544K, reserved 557056K
  class space    used 15835K, committed 16256K, reserved 425984K
}
Event: 41.404 GC heap before
{Heap before GC invocations=53 (full 0):
 garbage-first heap   total 276480K, used 208506K [0x0000000080000000, 0x0000000100000000)
  region size 1024K, 73 young (74752K), 14 survivors (14336K)
 Metaspace       used 123717K, committed 124672K, reserved 557056K
  class space    used 15835K, committed 16256K, reserved 425984K
}
Event: 41.426 GC heap after
{Heap after GC invocations=54 (full 0):
 garbage-first heap   total 276480K, used 170338K [0x0000000080000000, 0x0000000100000000)
  region size 1024K, 10 young (10240K), 10 survivors (10240K)
 Metaspace       used 123717K, committed 124672K, reserved 557056K
  class space    used 15835K, committed 16256K, reserved 425984K
}
Event: 41.441 GC heap before
{Heap before GC invocations=54 (full 0):
 garbage-first heap   total 276480K, used 173410K [0x0000000080000000, 0x0000000100000000)
  region size 1024K, 13 young (13312K), 10 survivors (10240K)
 Metaspace       used 123718K, committed 124672K, reserved 557056K
  class space    used 15835K, committed 16256K, reserved 425984K
}
Event: 41.454 GC heap after
{Heap after GC invocations=55 (full 0):
 garbage-first heap   total 276480K, used 172831K [0x0000000080000000, 0x0000000100000000)
  region size 1024K, 2 young (2048K), 2 survivors (2048K)
 Metaspace       used 123718K, committed 124672K, reserved 557056K
  class space    used 15835K, committed 16256K, reserved 425984K
}
Event: 42.599 GC heap before
{Heap before GC invocations=55 (full 0):
 garbage-first heap   total 276480K, used 214815K [0x0000000080000000, 0x0000000100000000)
  region size 1024K, 43 young (44032K), 2 survivors (2048K)
 Metaspace       used 126698K, committed 127616K, reserved 557056K
  class space    used 16245K, committed 16640K, reserved 425984K
}

